<?xml version="1.0" encoding="UTF-8"?>
<!-- Generated by org.testng.reporters.JUnitXMLReporter -->
<testsuite hostname="ADMIN-VAIO" name="Test Case 1: " tests="2" failures="1" timestamp="8 Mar 2019 07:07:02 GMT" time="0.052" errors="0">
  <testcase name="doReg" time="0.018" classname="TestSuite1.TestScenario1">
    <failure type="java.lang.AssertionError" message="null">
      <![CDATA[java.lang.AssertionError: null
	at TestSuite1.TestScenario1.doReg(TestScenario1.java:19)
... Removed 26 stack frames]]>
    </failure>
  </testcase> <!-- doReg -->
  <testcase name="dologin" time="0.002" classname="TestSuite1.TestScenario1"/>
</testsuite> <!-- Test Case 1:  -->
