<?xml version="1.0" encoding="UTF-8"?>
<!-- Generated by org.testng.reporters.JUnitXMLReporter -->
<testsuite hostname="ADMIN-VAIO" name="Test Scenario 1" tests="3" failures="2" timestamp="11 Mar 2019 06:37:27 GMT" time="0.069" errors="0">
  <testcase name="doReg" time="0.025" classname="TestSuite1.TestScenario1">
    <failure type="java.lang.AssertionError" message="null">
      <![CDATA[java.lang.AssertionError: null
	at TestSuite1.TestScenario1.doReg(TestScenario1.java:19)
... Removed 26 stack frames]]>
    </failure>
  </testcase> <!-- doReg -->
  <testcase name="dologin" time="0.001" classname="TestSuite1.TestScenario1"/>
  <testcase name="title" time="0.008" classname="TestSuite1.TestScenario1">
    <failure type="java.lang.AssertionError" message="The following asserts failed:
	expected [yahoo.com] but found [gmail.com],
	expected [false] but found [true]">
      <![CDATA[java.lang.AssertionError: The following asserts failed:
	expected [yahoo.com] but found [gmail.com],
	expected [false] but found [true]
	at TestSuite1.TestScenario1.title(TestScenario1.java:34)
... Removed 25 stack frames]]>
    </failure>
  </testcase> <!-- title -->
</testsuite> <!-- Test Scenario 1 -->
